<?xml version="1.0" encoding="UTF-8"?>
<!-- Generated by org.testng.reporters.JUnitReportReporter -->
<testsuite hostname="DESKTOP-5VI0HAR" failures="0" tests="5" name="testcases.VideoGameAPITest" time="3.049" errors="0" timestamp="2024-02-01T15:12:33 CST" skipped="0">
  <testcase classname="testcases.VideoGameAPITest" name="test_deleteNewVideoGame" time="1.725"/>
  <testcase classname="testcases.VideoGameAPITest" name="test_getAllVideoGames" time="0.030"/>
  <testcase classname="testcases.VideoGameAPITest" name="test_postNewVideoGame" time="0.388"/>
  <testcase classname="testcases.VideoGameAPITest" name="test_getNewVideoGame" time="0.856"/>
  <testcase classname="testcases.VideoGameAPITest" name="test_updateNewVideoGame" time="0.050"/>
</testsuite> <!-- testcases.VideoGameAPITest -->
